
> fresh-harvest-service-a@1.0.0 start
> node app.js

Service A (Core Hub) running on port 3000
DB MOCK
MongoDB Connected
/app/node_modules/mongodb/lib/sdam/topology.js:327
                const timeoutError = new error_1.MongoServerSelectionError(`Server selection timed out after ${timeout?.duration} ms`, this.description);
                                     ^

MongoServerSelectionError: connect ECONNREFUSED 127.0.0.1:27017
    at Topology.selectServer (/app/node_modules/mongodb/lib/sdam/topology.js:327:38)
    at async Topology._connect (/app/node_modules/mongodb/lib/sdam/topology.js:200:28)
    at async Topology.connect (/app/node_modules/mongodb/lib/sdam/topology.js:152:13)
    at async topologyConnect (/app/node_modules/mongodb/lib/mongo_client.js:264:17)
    at async MongoClient._connect (/app/node_modules/mongodb/lib/mongo_client.js:277:13)
    at async MongoClient.connect (/app/node_modules/mongodb/lib/mongo_client.js:202:13)
    at async MongoClient.connect (/app/node_modules/mongodb/lib/mongo_client.js:446:16) {
  errorLabelSet: Set(0) {},
  reason: TopologyDescription {
    type: 'Unknown',
    servers: Map(1) {
      '127.0.0.1:27017' => ServerDescription {
        address: '127.0.0.1:27017',
        type: 'Unknown',
        hosts: [],
        passives: [],
        arbiters: [],
        tags: {},
        minWireVersion: 0,
        maxWireVersion: 0,
        roundTripTime: -1,
        minRoundTripTime: 0,
        lastUpdateTime: 6371797,
        lastWriteDate: 0,
        error: MongoNetworkError: connect ECONNREFUSED 127.0.0.1:27017
            at Socket.<anonymous> (/app/node_modules/mongodb/lib/cmap/connect.js:286:44)
            at Object.onceWrapper (node:events:634:26)
            at Socket.emit (node:events:519:28)
            at emitErrorNT (node:internal/streams/destroy:170:8)
            at emitErrorCloseNT (node:internal/streams/destroy:129:3)
            at process.processTicksAndRejections (node:internal/process/task_queues:89:21) {
          errorLabelSet: Set(1) { 'ResetPool' },
          beforeHandshake: false,
          [cause]: Error: connect ECONNREFUSED 127.0.0.1:27017
              at TCPConnectWrap.afterConnect [as oncomplete] (node:net:1637:16) {
            errno: -111,
            code: 'ECONNREFUSED',
            syscall: 'connect',
            address: '127.0.0.1',
            port: 27017
          }
        },
        topologyVersion: null,
        setName: null,
        setVersion: null,
        electionId: null,
        logicalSessionTimeoutMinutes: null,
        maxMessageSizeBytes: null,
        maxWriteBatchSize: null,
        maxBsonObjectSize: null,
        primary: null,
        me: null,
        '$clusterTime': null,
        iscryptd: false
      }
    },
    stale: false,
    compatible: true,
    heartbeatFrequencyMS: 10000,
    localThresholdMS: 15,
    setName: null,
    maxElectionId: null,
    maxSetVersion: null,
    commonWireVersion: 0,
    logicalSessionTimeoutMinutes: null
  },
  code: undefined,
  [cause]: MongoNetworkError: connect ECONNREFUSED 127.0.0.1:27017
      at Socket.<anonymous> (/app/node_modules/mongodb/lib/cmap/connect.js:286:44)
      at Object.onceWrapper (node:events:634:26)
      at Socket.emit (node:events:519:28)
      at emitErrorNT (node:internal/streams/destroy:170:8)
      at emitErrorCloseNT (node:internal/streams/destroy:129:3)
      at process.processTicksAndRejections (node:internal/process/task_queues:89:21) {
    errorLabelSet: Set(1) { 'ResetPool' },
    beforeHandshake: false,
    [cause]: Error: connect ECONNREFUSED 127.0.0.1:27017
        at TCPConnectWrap.afterConnect [as oncomplete] (node:net:1637:16) {
      errno: -111,
      code: 'ECONNREFUSED',
      syscall: 'connect',
      address: '127.0.0.1',
      port: 27017
    }
  }
}

Node.js v22.22.1
